Build started 7/10/2018 6:18:37 p.m..
     1>Project "D:\BlackJack\BlackJack1\BlackJack1\BlackJack1.vcxproj" on node 2 (Build target(s)).
     1>ClCompile:
         C:\Program Files (x86)\Microsoft Visual Studio 12.0\VC\bin\CL.exe /c /ZI /nologo /W3 /WX- /sdl /Od /Oy- /D WIN32 /D _DEBUG /D _CONSOLE /D _LIB /D _UNICODE /D UNICODE /D _AFXDLL /Gm /EHsc /RTC1 /MDd /GS /fp:precise /Zc:wchar_t /Zc:forScope /Yu"stdafx.h" /Fp"Debug\BlackJack1.pch" /Fo"Debug\\" /Fd"Debug\vc120.pdb" /Gd /TP /analyze- /errorReport:prompt Card.cpp Irule.cpp
         Irule.cpp
     1>d:\blackjack\blackjack1\blackjack1\card.h(33): error C2143: syntax error : missing ';' before '*'
     1>d:\blackjack\blackjack1\blackjack1\card.h(33): error C4430: missing type specifier - int assumed. Note: C++ does not support default-int
     1>d:\blackjack\blackjack1\blackjack1\card.h(36): error C2061: syntax error : identifier 'Irule'
         Card.cpp
     1>d:\blackjack\blackjack1\blackjack1\irule.h(7): error C2061: syntax error : identifier 'Card'
     1>d:\blackjack\blackjack1\blackjack1\card.cpp(10): error C2143: syntax error : missing ';' before '}'
     1>d:\blackjack\blackjack1\blackjack1\card.cpp(14): error C2660: 'Irule::card_value' : function does not take 1 arguments
         Generating Code...
     1>Done Building Project "D:\BlackJack\BlackJack1\BlackJack1\BlackJack1.vcxproj" (Build target(s)) -- FAILED.

Build FAILED.

Time Elapsed 00:00:00.25
